0 info it worked if it ends with ok
1 verbose cli [ '/Users/caphao/.nvm/versions/node/v6.3.1/bin/node',
1 verbose cli   '/Users/caphao/.nvm/versions/node/v6.3.1/bin/npm',
1 verbose cli   'run',
1 verbose cli   'deploy_dev' ]
2 info using npm@3.10.3
3 info using node@v6.3.1
4 verbose run-script [ 'predeploy_dev', 'deploy_dev', 'postdeploy_dev' ]
5 info lifecycle universal-redux-template@0.0.0~predeploy_dev: universal-redux-template@0.0.0
6 silly lifecycle universal-redux-template@0.0.0~predeploy_dev: no script for predeploy_dev, continuing
7 info lifecycle universal-redux-template@0.0.0~deploy_dev: universal-redux-template@0.0.0
8 verbose lifecycle universal-redux-template@0.0.0~deploy_dev: unsafe-perm in lifecycle true
9 verbose lifecycle universal-redux-template@0.0.0~deploy_dev: PATH: /Users/caphao/.nvm/versions/node/v6.3.1/lib/node_modules/npm/bin/node-gyp-bin:/Users/caphao/projects/goingsunny/node_modules/.bin:/Users/caphao/.nvm/versions/node/v6.3.1/bin:/Library/Frameworks/Python.framework/Versions/3.4/bin:/opt/local/bin:/opt/local/sbin:/Users/caphao/.nvm/versions/node/v6.3.1/bin:/usr/local/bin:/usr/bin:/bin:/usr/sbin:/sbin:/opt/X11/bin:/usr/local/git/bin
10 verbose lifecycle universal-redux-template@0.0.0~deploy_dev: CWD: /Users/caphao/projects/goingsunny
11 silly lifecycle universal-redux-template@0.0.0~deploy_dev: Args: [ '-c',
11 silly lifecycle   'ssh -t -i _deploy/goingsunny-oregon.pem centos@35.162.241.129 \'cd prod/goingsunny && sudo git pull && sudo npm run build && pm2 startOrRestart pm2.json --env development\'' ]
12 silly lifecycle universal-redux-template@0.0.0~deploy_dev: Returned: code: 1  signal: null
13 info lifecycle universal-redux-template@0.0.0~deploy_dev: Failed to exec deploy_dev script
14 verbose stack Error: universal-redux-template@0.0.0 deploy_dev: `ssh -t -i _deploy/goingsunny-oregon.pem centos@35.162.241.129 'cd prod/goingsunny && sudo git pull && sudo npm run build && pm2 startOrRestart pm2.json --env development'`
14 verbose stack Exit status 1
14 verbose stack     at EventEmitter.<anonymous> (/Users/caphao/.nvm/versions/node/v6.3.1/lib/node_modules/npm/lib/utils/lifecycle.js:242:16)
14 verbose stack     at emitTwo (events.js:106:13)
14 verbose stack     at EventEmitter.emit (events.js:191:7)
14 verbose stack     at ChildProcess.<anonymous> (/Users/caphao/.nvm/versions/node/v6.3.1/lib/node_modules/npm/lib/utils/spawn.js:40:14)
14 verbose stack     at emitTwo (events.js:106:13)
14 verbose stack     at ChildProcess.emit (events.js:191:7)
14 verbose stack     at maybeClose (internal/child_process.js:852:16)
14 verbose stack     at Process.ChildProcess._handle.onexit (internal/child_process.js:215:5)
15 verbose pkgid universal-redux-template@0.0.0
16 verbose cwd /Users/caphao/projects/goingsunny
17 error Darwin 15.6.0
18 error argv "/Users/caphao/.nvm/versions/node/v6.3.1/bin/node" "/Users/caphao/.nvm/versions/node/v6.3.1/bin/npm" "run" "deploy_dev"
19 error node v6.3.1
20 error npm  v3.10.3
21 error code ELIFECYCLE
22 error universal-redux-template@0.0.0 deploy_dev: `ssh -t -i _deploy/goingsunny-oregon.pem centos@35.162.241.129 'cd prod/goingsunny && sudo git pull && sudo npm run build && pm2 startOrRestart pm2.json --env development'`
22 error Exit status 1
23 error Failed at the universal-redux-template@0.0.0 deploy_dev script 'ssh -t -i _deploy/goingsunny-oregon.pem centos@35.162.241.129 'cd prod/goingsunny && sudo git pull && sudo npm run build && pm2 startOrRestart pm2.json --env development''.
23 error Make sure you have the latest version of node.js and npm installed.
23 error If you do, this is most likely a problem with the universal-redux-template package,
23 error not with npm itself.
23 error Tell the author that this fails on your system:
23 error     ssh -t -i _deploy/goingsunny-oregon.pem centos@35.162.241.129 'cd prod/goingsunny && sudo git pull && sudo npm run build && pm2 startOrRestart pm2.json --env development'
23 error You can get information on how to open an issue for this project with:
23 error     npm bugs universal-redux-template
23 error Or if that isn't available, you can get their info via:
23 error     npm owner ls universal-redux-template
23 error There is likely additional logging output above.
24 verbose exit [ 1, true ]
